<?xml version="1.0" encoding="UTF-8"?>
<!-- Generated by org.testng.reporters.JUnitReportReporter -->
<testsuite hostname="DESKTOP-IUGF0FI" failures="0" tests="3" name="TestLayer.Demo1" time="0.043" errors="0" timestamp="2022-09-10T22:52:04 IST" skipped="0">
  <testcase classname="TestLayer.Demo1" name="xyz" time="0.002"/>
  <system-out/>
  <testcase classname="TestLayer.Demo1" name="pur" time="0.003"/>
  <system-out/>
  <testcase classname="TestLayer.Demo1" name="abc" time="0.038"/>
  <system-out/>
</testsuite> <!-- TestLayer.Demo1 -->
