<?xml version="1.0" encoding="UTF-8"?>
<!-- Generated by org.testng.reporters.JUnitReportReporter -->
<testsuite hostname="DESKTOP-IUGF0FI" failures="0" tests="4" name="TestLayer.PersonalDetailsTest$PimPageTest" time="22.066" errors="0" timestamp="2022-07-31T10:46:55 IST" skipped="0">
  <testcase classname="TestLayer.PersonalDetailsTest$PimPageTest" name="Base" time="7.475"/>
  <system-out/>
  <testcase classname="TestLayer.PersonalDetailsTest$PimPageTest" name="login" time="5.665"/>
  <system-out/>
  <testcase classname="TestLayer.PersonalDetailsTest$PimPageTest" name="PIM" time="8.450"/>
  <system-out/>
  <testcase classname="TestLayer.PersonalDetailsTest$PimPageTest" name="Details" time="0.476"/>
  <system-out/>
</testsuite> <!-- TestLayer.PersonalDetailsTest$PimPageTest -->
