<?xml version="1.0" encoding="UTF-8"?>
<!-- Generated by org.testng.reporters.JUnitReportReporter -->
<testsuite hostname="DESKTOP-IUGF0FI" failures="0" tests="1" name="TestLayer.dddddddd" time="19.121" errors="0" timestamp="2022-07-30T08:03:09 IST" skipped="0">
  <testcase classname="TestLayer.dddddddd" name="ok" time="19.121"/>
  <system-out/>
</testsuite> <!-- TestLayer.dddddddd -->
