<?xml version="1.0" encoding="UTF-8"?>
<!-- Generated by org.testng.reporters.JUnitReportReporter -->
<testsuite hostname="DESKTOP-IUGF0FI" failures="0" tests="1" name="TestLayer.LoginPageTest" time="12.828" errors="0" timestamp="2022-08-07T23:57:44 IST" skipped="0">
  <testcase classname="TestLayer.LoginPageTest" name="login" time="12.828"/>
  <system-out/>
</testsuite> <!-- TestLayer.LoginPageTest -->
